Arguments: 
  /usr/local/bin/node /usr/local/bin/yarn

PATH: 
  /usr/local/bin:/usr/bin:/bin:/usr/sbin:/sbin

Yarn version: 
  1.13.0

Node version: 
  10.15.0

Platform: 
  darwin x64

Trace: 
  SyntaxError: /Users/anthonycampbell/Documents/Lambda/Week 13/Day3/Challenge/package.json: Unexpected token } in JSON at position 562
      at JSON.parse (<anonymous>)
      at /usr/local/lib/node_modules/yarn/lib/cli.js:1625:59
      at Generator.next (<anonymous>)
      at step (/usr/local/lib/node_modules/yarn/lib/cli.js:304:30)
      at /usr/local/lib/node_modules/yarn/lib/cli.js:315:13

npm manifest: 
  {
    "name": "Challenge",
    "version": "1.0.0",
    "main": "index.js",
    "repository": "https://github.com/AnthonyJCampbell/webauth-iii-challenge.git",
    "author": "AnthonyJCampbell <anthony@anthonyjcampbell.com>",
    "license": "MIT",
    "dependencies": {
      "bcryptjs": "^2.4.3",
      "cors": "^2.8.5",
      "express": "^4.16.4",
      "helmet": "^3.15.1",
      "jsonwebtoken": "^8.5.1",
      "knex": "^0.16.3",
      "sqlite3": "^4.0.6"
    },
    "devDependencies": {
      "nodemon": "^1.18.10"
    },
    "scripts": {
      "server": "nodemon",
      "start": "node index.js"
    },
  }

yarn manifest: 
  No manifest

Lockfile: 
  No lockfile
